<?xml version="1.0" encoding="UTF-8"?>
<!-- Generated by org.testng.reporters.JUnitReportReporter -->
<testsuite ignored="0" hostname="DESKTOP-QNHJ5Q7" failures="0" tests="1" name="LoginPage.CustomerSearch" time="4.727" errors="0" timestamp="02 Aug 2023 15:37:50 GMT" skipped="0">
  <testcase classname="LoginPage.CustomerSearch" name="verifyLoginFeature" time="4.727"/>
</testsuite> <!-- LoginPage.CustomerSearch -->
